2023-08-01 00:05:54,550 [INFO]:  GLaDOS 签到成功！
2023-08-01 00:05:54,563 [INFO]:  checkin: 200 | state: 200
2023-08-01 00:05:54,563 [INFO]:  Checkin! Get 1 Day
2023-08-01 00:05:54,563 [INFO]:  剩余天数：460天
2023-08-01 00:05:54,563 [INFO]:  ========================================
2023-08-01 00:05:54,563 [INFO]:  Sever酱: 开始推送消息！
2023-08-01 00:05:56,920 [INFO]:  查询消息推送是否成功ing : 1
2023-08-01 00:05:56,922 [INFO]:  消息推送成功！
2023-08-01 00:05:56,922 [INFO]:  ========================================
2023-08-01 00:05:56,922 [INFO]:  PushPlus: 开始推送消息！
2023-08-01 00:05:57,548 [INFO]:  请求成功
2023-08-01 00:05:57,548 [INFO]:  ========================================
2023-08-01 00:05:57,548 [INFO]:  Qmsg: 开始推送消息！
2023-08-01 00:06:00,417 [INFO]:  消息推送成功！
2023-07-31 08:29:45,237 [INFO]:  GLaDOS 签到成功！
2023-07-31 08:29:45,257 [INFO]:  checkin: 200 | state: 200
2023-07-31 08:29:45,257 [INFO]:  Please Try Tomorrow
2023-07-31 08:29:45,257 [INFO]:  剩余天数：460天
2023-07-31 08:29:45,257 [INFO]:  ========================================
2023-07-31 08:29:45,257 [INFO]:  Sever酱: 开始推送消息！
2023-07-31 08:29:47,911 [INFO]:  查询消息推送是否成功ing : 1
2023-07-31 08:29:47,913 [INFO]:  消息推送成功！
2023-07-31 08:29:47,914 [INFO]:  ========================================
2023-07-31 08:29:47,914 [INFO]:  PushPlus: 开始推送消息！
2023-07-31 08:29:48,803 [INFO]:  请求成功
2023-07-31 08:29:48,803 [INFO]:  ========================================
2023-07-31 08:29:48,803 [INFO]:  Qmsg: 开始推送消息！
2023-07-31 08:29:50,043 [INFO]:  消息推送成功！
2023-07-31 07:34:47,355 [INFO]:  GLaDOS 签到成功！
2023-07-31 07:34:47,374 [INFO]:  checkin: 200 | state: 200
2023-07-31 07:34:47,374 [INFO]:  Please Try Tomorrow
2023-07-31 07:34:47,374 [INFO]:  剩余天数：460天
2023-07-31 07:34:47,374 [INFO]:  ========================================
2023-07-31 07:34:47,374 [INFO]:  Sever酱: 开始推送消息！
2023-07-31 07:34:49,299 [INFO]:  查询消息推送是否成功ing : 1
2023-07-31 07:34:51,088 [INFO]:  查询消息推送是否成功ing : 2
2023-07-31 07:34:51,090 [INFO]:  消息推送成功！
2023-07-31 07:34:51,091 [INFO]:  ========================================
2023-07-31 07:34:51,091 [INFO]:  PushPlus: 开始推送消息！
2023-07-31 07:34:51,810 [INFO]:  请求成功
2023-07-31 07:34:51,811 [INFO]:  ========================================
2023-07-31 07:34:51,811 [INFO]:  Qmsg: 开始推送消息！
2023-07-31 07:34:53,643 [INFO]:  消息推送成功！
2023-07-31 07:30:11,168 [INFO]:  GLaDOS 签到成功！
2023-07-31 07:30:11,181 [INFO]:  checkin: 200 | state: 200
2023-07-31 07:30:11,181 [INFO]:  Please Try Tomorrow
2023-07-31 07:30:11,181 [INFO]:  剩余天数：460天
2023-07-31 07:30:11,181 [INFO]:  ========================================
2023-07-31 07:30:11,181 [INFO]:  Sever酱: 开始推送消息！
2023-07-31 07:30:14,015 [INFO]:  查询消息推送是否成功ing : 1
2023-07-31 07:30:14,017 [INFO]:  消息推送成功！
2023-07-31 07:30:14,017 [INFO]:  ========================================
2023-07-31 07:30:14,018 [INFO]:  PushPlus: 开始推送消息！
2023-07-31 07:30:14,992 [INFO]:  请求成功
2023-07-31 07:30:14,992 [INFO]:  ========================================
2023-07-31 07:30:14,992 [INFO]:  Qmsg: 开始推送消息！
2023-07-31 07:30:16,153 [INFO]:  消息推送成功！
